Warning: Design 'vsdcaravel' has '4' unresolved references. For more detailed information, use the "link" command. (UID-341)
Error: Cannot read file '* /home/Synopsys/pdk/SCL_PDK_3/SCLPDK_V3.0_KIT/scl180/iopad/cio250/4M1L/liberty/tsl18cio250_min.db /home/Synopsys/pdk/SCL_PDK_3/SCLPDK_V3.0_KIT/scl180/stdcell/fs120/4M1IL/liberty/lib_flow_ff/tsl18fs120_scl_ff.db'. (UID-58)
 
****************************************
Report : constraint
        -all_violators
Design : vsdcaravel
Version: T-2022.03-SP5
Date   : Tue Dec 16 11:00:19 2025
****************************************


   min_delay/hold ('hk_serial_clk' group)

                             Required        Actual
   Endpoint                 Path Delay     Path Delay        Slack
   -----------------------------------------------------------------
   chip_core/gpio_control_in_1[10]/shift_register_reg[10]/D
                                7.26           6.82 r        -0.45  (VIOLATED)
   chip_core/gpio_control_in_1[10]/shift_register_reg[11]/D
                                7.26           6.82 r        -0.45  (VIOLATED)
   chip_core/gpio_control_in_1[10]/shift_register_reg[12]/D
                                7.26           6.82 r        -0.45  (VIOLATED)
   chip_core/gpio_control_in_2[0]/shift_register_reg[10]/D
                                7.26           6.82 r        -0.45  (VIOLATED)
   chip_core/gpio_control_in_2[0]/shift_register_reg[11]/D
                                7.26           6.82 r        -0.45  (VIOLATED)
   chip_core/gpio_control_in_2[0]/shift_register_reg[12]/D
                                7.26           6.82 r        -0.45  (VIOLATED)
   chip_core/gpio_control_in_1[10]/shift_register_reg[1]/D
                                7.32           6.87 r        -0.44  (VIOLATED)
   chip_core/gpio_control_in_1[10]/shift_register_reg[2]/D
                                7.32           6.87 r        -0.44  (VIOLATED)
   chip_core/gpio_control_in_1[10]/shift_register_reg[3]/D
                                7.32           6.87 r        -0.44  (VIOLATED)
   chip_core/gpio_control_in_1[10]/shift_register_reg[4]/D
                                7.32           6.87 r        -0.44  (VIOLATED)
   chip_core/gpio_control_in_1[10]/shift_register_reg[5]/D
                                7.32           6.87 r        -0.44  (VIOLATED)
   chip_core/gpio_control_in_1[10]/shift_register_reg[6]/D
                                7.32           6.87 r        -0.44  (VIOLATED)
   chip_core/gpio_control_in_1[10]/shift_register_reg[7]/D
                                7.32           6.87 r        -0.44  (VIOLATED)
   chip_core/gpio_control_in_1[10]/shift_register_reg[8]/D
                                7.32           6.87 r        -0.44  (VIOLATED)
   chip_core/gpio_control_in_2[0]/shift_register_reg[1]/D
                                7.32           6.87 r        -0.44  (VIOLATED)
   chip_core/gpio_control_in_2[0]/shift_register_reg[2]/D
                                7.32           6.87 r        -0.44  (VIOLATED)
   chip_core/gpio_control_in_2[0]/shift_register_reg[3]/D
                                7.32           6.87 r        -0.44  (VIOLATED)
   chip_core/gpio_control_in_2[0]/shift_register_reg[4]/D
                                7.32           6.87 r        -0.44  (VIOLATED)
   chip_core/gpio_control_in_2[0]/shift_register_reg[5]/D
                                7.32           6.87 r        -0.44  (VIOLATED)
   chip_core/gpio_control_in_2[0]/shift_register_reg[6]/D
                                7.32           6.87 r        -0.44  (VIOLATED)
   chip_core/gpio_control_in_2[0]/shift_register_reg[7]/D
                                7.32           6.87 r        -0.44  (VIOLATED)
   chip_core/gpio_control_in_2[0]/shift_register_reg[8]/D
                                7.32           6.87 r        -0.44  (VIOLATED)
   chip_core/gpio_control_in_1[9]/shift_register_reg[1]/D
                                7.20           6.77 f        -0.43  (VIOLATED)
   chip_core/gpio_control_in_1[9]/shift_register_reg[2]/D
                                7.20           6.77 f        -0.43  (VIOLATED)
   chip_core/gpio_control_in_1[9]/shift_register_reg[3]/D
                                7.20           6.77 f        -0.43  (VIOLATED)
   chip_core/gpio_control_in_1[9]/shift_register_reg[4]/D
                                7.20           6.77 f        -0.43  (VIOLATED)
   chip_core/gpio_control_in_1[9]/shift_register_reg[5]/D
                                7.20           6.77 f        -0.43  (VIOLATED)
   chip_core/gpio_control_in_1[9]/shift_register_reg[6]/D
                                7.20           6.77 f        -0.43  (VIOLATED)
   chip_core/gpio_control_in_1[9]/shift_register_reg[7]/D
                                7.20           6.77 f        -0.43  (VIOLATED)
   chip_core/gpio_control_in_1[9]/shift_register_reg[8]/D
                                7.20           6.77 f        -0.43  (VIOLATED)
   chip_core/gpio_control_in_1[9]/shift_register_reg[9]/D
                                7.20           6.77 f        -0.43  (VIOLATED)
   chip_core/gpio_control_in_1[9]/shift_register_reg[10]/D
                                7.20           6.77 f        -0.43  (VIOLATED)
   chip_core/gpio_control_in_1[9]/shift_register_reg[11]/D
                                7.20           6.77 f        -0.43  (VIOLATED)
   chip_core/gpio_control_in_1[9]/shift_register_reg[12]/D
                                7.20           6.77 f        -0.43  (VIOLATED)
   chip_core/gpio_control_in_2[1]/shift_register_reg[1]/D
                                7.20           6.77 f        -0.43  (VIOLATED)
   chip_core/gpio_control_in_2[1]/shift_register_reg[2]/D
                                7.20           6.77 f        -0.43  (VIOLATED)
   chip_core/gpio_control_in_2[1]/shift_register_reg[3]/D
                                7.20           6.77 f        -0.43  (VIOLATED)
   chip_core/gpio_control_in_2[1]/shift_register_reg[4]/D
                                7.20           6.77 f        -0.43  (VIOLATED)
   chip_core/gpio_control_in_2[1]/shift_register_reg[5]/D
                                7.20           6.77 f        -0.43  (VIOLATED)
   chip_core/gpio_control_in_2[1]/shift_register_reg[6]/D
                                7.20           6.77 f        -0.43  (VIOLATED)
   chip_core/gpio_control_in_2[1]/shift_register_reg[7]/D
                                7.20           6.77 f        -0.43  (VIOLATED)
   chip_core/gpio_control_in_2[1]/shift_register_reg[8]/D
                                7.20           6.77 f        -0.43  (VIOLATED)
   chip_core/gpio_control_in_2[1]/shift_register_reg[9]/D
                                7.20           6.77 f        -0.43  (VIOLATED)
   chip_core/gpio_control_in_2[1]/shift_register_reg[10]/D
                                7.20           6.77 f        -0.43  (VIOLATED)
   chip_core/gpio_control_in_2[1]/shift_register_reg[11]/D
                                7.20           6.77 f        -0.43  (VIOLATED)
   chip_core/gpio_control_in_2[1]/shift_register_reg[12]/D
                                7.20           6.77 f        -0.43  (VIOLATED)
   chip_core/gpio_control_in_1[8]/shift_register_reg[1]/D
                                6.80           6.40 f        -0.40  (VIOLATED)
   chip_core/gpio_control_in_1[8]/shift_register_reg[2]/D
                                6.80           6.40 f        -0.40  (VIOLATED)
   chip_core/gpio_control_in_1[8]/shift_register_reg[3]/D
                                6.80           6.40 f        -0.40  (VIOLATED)
   chip_core/gpio_control_in_1[8]/shift_register_reg[4]/D
                                6.80           6.40 f        -0.40  (VIOLATED)
   chip_core/gpio_control_in_1[8]/shift_register_reg[5]/D
                                6.80           6.40 f        -0.40  (VIOLATED)
   chip_core/gpio_control_in_1[8]/shift_register_reg[6]/D
                                6.80           6.40 f        -0.40  (VIOLATED)
   chip_core/gpio_control_in_1[8]/shift_register_reg[7]/D
                                6.80           6.40 f        -0.40  (VIOLATED)
   chip_core/gpio_control_in_1[8]/shift_register_reg[8]/D
                                6.80           6.40 f        -0.40  (VIOLATED)
   chip_core/gpio_control_in_1[8]/shift_register_reg[9]/D
                                6.80           6.40 f        -0.40  (VIOLATED)
   chip_core/gpio_control_in_1[8]/shift_register_reg[10]/D
                                6.80           6.40 f        -0.40  (VIOLATED)
   chip_core/gpio_control_in_1[8]/shift_register_reg[11]/D
                                6.80           6.40 f        -0.40  (VIOLATED)
   chip_core/gpio_control_in_1[8]/shift_register_reg[12]/D
                                6.80           6.40 f        -0.40  (VIOLATED)
   chip_core/gpio_control_in_2[2]/shift_register_reg[1]/D
                                6.80           6.40 f        -0.40  (VIOLATED)
   chip_core/gpio_control_in_2[2]/shift_register_reg[2]/D
                                6.80           6.40 f        -0.40  (VIOLATED)
   chip_core/gpio_control_in_2[2]/shift_register_reg[3]/D
                                6.80           6.40 f        -0.40  (VIOLATED)
   chip_core/gpio_control_in_2[2]/shift_register_reg[4]/D
                                6.80           6.40 f        -0.40  (VIOLATED)
   chip_core/gpio_control_in_2[2]/shift_register_reg[5]/D
                                6.80           6.40 f        -0.40  (VIOLATED)
   chip_core/gpio_control_in_2[2]/shift_register_reg[6]/D
                                6.80           6.40 f        -0.40  (VIOLATED)
   chip_core/gpio_control_in_2[2]/shift_register_reg[7]/D
                                6.80           6.40 f        -0.40  (VIOLATED)
   chip_core/gpio_control_in_2[2]/shift_register_reg[8]/D
                                6.80           6.40 f        -0.40  (VIOLATED)
   chip_core/gpio_control_in_2[2]/shift_register_reg[9]/D
                                6.80           6.40 f        -0.40  (VIOLATED)
   chip_core/gpio_control_in_2[2]/shift_register_reg[10]/D
                                6.80           6.40 f        -0.40  (VIOLATED)
   chip_core/gpio_control_in_2[2]/shift_register_reg[11]/D
                                6.80           6.40 f        -0.40  (VIOLATED)
   chip_core/gpio_control_in_2[2]/shift_register_reg[12]/D
                                6.80           6.40 f        -0.40  (VIOLATED)
   chip_core/gpio_control_in_1[10]/shift_register_reg[9]/D
                                7.26           6.87 r        -0.39  (VIOLATED)
   chip_core/gpio_control_in_2[0]/shift_register_reg[9]/D
                                7.26           6.87 r        -0.39  (VIOLATED)
   chip_core/gpio_control_in_1[7]/shift_register_reg[1]/D
                                6.41           6.04 f        -0.37  (VIOLATED)
   chip_core/gpio_control_in_1[7]/shift_register_reg[2]/D
                                6.41           6.04 f        -0.37  (VIOLATED)
   chip_core/gpio_control_in_1[7]/shift_register_reg[3]/D
                                6.41           6.04 f        -0.37  (VIOLATED)
   chip_core/gpio_control_in_1[7]/shift_register_reg[4]/D
                                6.41           6.04 f        -0.37  (VIOLATED)
   chip_core/gpio_control_in_1[7]/shift_register_reg[5]/D
                                6.41           6.04 f        -0.37  (VIOLATED)
   chip_core/gpio_control_in_1[7]/shift_register_reg[6]/D
                                6.41           6.04 f        -0.37  (VIOLATED)
   chip_core/gpio_control_in_1[7]/shift_register_reg[7]/D
                                6.41           6.04 f        -0.37  (VIOLATED)
   chip_core/gpio_control_in_1[7]/shift_register_reg[8]/D
                                6.41           6.04 f        -0.37  (VIOLATED)
   chip_core/gpio_control_in_1[7]/shift_register_reg[9]/D
                                6.41           6.04 f        -0.37  (VIOLATED)
   chip_core/gpio_control_in_1[7]/shift_register_reg[10]/D
                                6.41           6.04 f        -0.37  (VIOLATED)
   chip_core/gpio_control_in_1[7]/shift_register_reg[11]/D
                                6.41           6.04 f        -0.37  (VIOLATED)
   chip_core/gpio_control_in_1[7]/shift_register_reg[12]/D
                                6.41           6.04 f        -0.37  (VIOLATED)
   chip_core/gpio_control_in_2[3]/shift_register_reg[1]/D
                                6.41           6.04 f        -0.37  (VIOLATED)
   chip_core/gpio_control_in_2[3]/shift_register_reg[2]/D
                                6.41           6.04 f        -0.37  (VIOLATED)
   chip_core/gpio_control_in_2[3]/shift_register_reg[3]/D
                                6.41           6.04 f        -0.37  (VIOLATED)
   chip_core/gpio_control_in_2[3]/shift_register_reg[4]/D
                                6.41           6.04 f        -0.37  (VIOLATED)
   chip_core/gpio_control_in_2[3]/shift_register_reg[5]/D
                                6.41           6.04 f        -0.37  (VIOLATED)
   chip_core/gpio_control_in_2[3]/shift_register_reg[6]/D
                                6.41           6.04 f        -0.37  (VIOLATED)
   chip_core/gpio_control_in_2[3]/shift_register_reg[7]/D
                                6.41           6.04 f        -0.37  (VIOLATED)
   chip_core/gpio_control_in_2[3]/shift_register_reg[8]/D
                                6.41           6.04 f        -0.37  (VIOLATED)
   chip_core/gpio_control_in_2[3]/shift_register_reg[9]/D
                                6.41           6.04 f        -0.37  (VIOLATED)
   chip_core/gpio_control_in_2[3]/shift_register_reg[10]/D
                                6.41           6.04 f        -0.37  (VIOLATED)
   chip_core/gpio_control_in_2[3]/shift_register_reg[11]/D
                                6.41           6.04 f        -0.37  (VIOLATED)
   chip_core/gpio_control_in_2[3]/shift_register_reg[12]/D
                                6.41           6.04 f        -0.37  (VIOLATED)
   chip_core/gpio_control_in_1[6]/shift_register_reg[1]/D
                                6.02           5.67 f        -0.35  (VIOLATED)
   chip_core/gpio_control_in_1[6]/shift_register_reg[2]/D
                                6.02           5.67 f        -0.35  (VIOLATED)
   chip_core/gpio_control_in_1[6]/shift_register_reg[3]/D
                                6.02           5.67 f        -0.35  (VIOLATED)
   chip_core/gpio_control_in_1[6]/shift_register_reg[4]/D
                                6.02           5.67 f        -0.35  (VIOLATED)
   chip_core/gpio_control_in_1[6]/shift_register_reg[5]/D
                                6.02           5.67 f        -0.35  (VIOLATED)
   chip_core/gpio_control_in_1[6]/shift_register_reg[6]/D
                                6.02           5.67 f        -0.35  (VIOLATED)
   chip_core/gpio_control_in_1[6]/shift_register_reg[7]/D
                                6.02           5.67 f        -0.35  (VIOLATED)
   chip_core/gpio_control_in_1[6]/shift_register_reg[8]/D
                                6.02           5.67 f        -0.35  (VIOLATED)
   chip_core/gpio_control_in_1[6]/shift_register_reg[9]/D
                                6.02           5.67 f        -0.35  (VIOLATED)
   chip_core/gpio_control_in_1[6]/shift_register_reg[10]/D
                                6.02           5.67 f        -0.35  (VIOLATED)
   chip_core/gpio_control_in_1[6]/shift_register_reg[11]/D
                                6.02           5.67 f        -0.35  (VIOLATED)
   chip_core/gpio_control_in_1[6]/shift_register_reg[12]/D
                                6.02           5.67 f        -0.35  (VIOLATED)
   chip_core/gpio_control_in_2[4]/shift_register_reg[1]/D
                                6.02           5.67 f        -0.35  (VIOLATED)
   chip_core/gpio_control_in_2[4]/shift_register_reg[2]/D
                                6.02           5.67 f        -0.35  (VIOLATED)
   chip_core/gpio_control_in_2[4]/shift_register_reg[3]/D
                                6.02           5.67 f        -0.35  (VIOLATED)
   chip_core/gpio_control_in_2[4]/shift_register_reg[4]/D
                                6.02           5.67 f        -0.35  (VIOLATED)
   chip_core/gpio_control_in_2[4]/shift_register_reg[5]/D
                                6.02           5.67 f        -0.35  (VIOLATED)
   chip_core/gpio_control_in_2[4]/shift_register_reg[6]/D
                                6.02           5.67 f        -0.35  (VIOLATED)
   chip_core/gpio_control_in_2[4]/shift_register_reg[7]/D
                                6.02           5.67 f        -0.35  (VIOLATED)
   chip_core/gpio_control_in_2[4]/shift_register_reg[8]/D
                                6.02           5.67 f        -0.35  (VIOLATED)
   chip_core/gpio_control_in_2[4]/shift_register_reg[9]/D
                                6.02           5.67 f        -0.35  (VIOLATED)
   chip_core/gpio_control_in_2[4]/shift_register_reg[10]/D
                                6.02           5.67 f        -0.35  (VIOLATED)
   chip_core/gpio_control_in_2[4]/shift_register_reg[11]/D
                                6.02           5.67 f        -0.35  (VIOLATED)
   chip_core/gpio_control_in_2[4]/shift_register_reg[12]/D
                                6.02           5.67 f        -0.35  (VIOLATED)
   chip_core/gpio_control_in_1[5]/shift_register_reg[1]/D
                                5.63           5.31 f        -0.32  (VIOLATED)
   chip_core/gpio_control_in_1[5]/shift_register_reg[2]/D
                                5.63           5.31 f        -0.32  (VIOLATED)
   chip_core/gpio_control_in_1[5]/shift_register_reg[3]/D
                                5.63           5.31 f        -0.32  (VIOLATED)
   chip_core/gpio_control_in_1[5]/shift_register_reg[4]/D
                                5.63           5.31 f        -0.32  (VIOLATED)
   chip_core/gpio_control_in_1[5]/shift_register_reg[5]/D
                                5.63           5.31 f        -0.32  (VIOLATED)
   chip_core/gpio_control_in_1[5]/shift_register_reg[6]/D
                                5.63           5.31 f        -0.32  (VIOLATED)
   chip_core/gpio_control_in_1[5]/shift_register_reg[7]/D
                                5.63           5.31 f        -0.32  (VIOLATED)
   chip_core/gpio_control_in_1[5]/shift_register_reg[8]/D
                                5.63           5.31 f        -0.32  (VIOLATED)
   chip_core/gpio_control_in_1[5]/shift_register_reg[9]/D
                                5.63           5.31 f        -0.32  (VIOLATED)
   chip_core/gpio_control_in_1[5]/shift_register_reg[10]/D
                                5.63           5.31 f        -0.32  (VIOLATED)
   chip_core/gpio_control_in_1[5]/shift_register_reg[11]/D
                                5.63           5.31 f        -0.32  (VIOLATED)
   chip_core/gpio_control_in_1[5]/shift_register_reg[12]/D
                                5.63           5.31 f        -0.32  (VIOLATED)
   chip_core/gpio_control_in_2[5]/shift_register_reg[1]/D
                                5.63           5.31 f        -0.32  (VIOLATED)
   chip_core/gpio_control_in_2[5]/shift_register_reg[2]/D
                                5.63           5.31 f        -0.32  (VIOLATED)
   chip_core/gpio_control_in_2[5]/shift_register_reg[3]/D
                                5.63           5.31 f        -0.32  (VIOLATED)
   chip_core/gpio_control_in_2[5]/shift_register_reg[4]/D
                                5.63           5.31 f        -0.32  (VIOLATED)
   chip_core/gpio_control_in_2[5]/shift_register_reg[5]/D
                                5.63           5.31 f        -0.32  (VIOLATED)
   chip_core/gpio_control_in_2[5]/shift_register_reg[6]/D
                                5.63           5.31 f        -0.32  (VIOLATED)
   chip_core/gpio_control_in_2[5]/shift_register_reg[7]/D
                                5.63           5.31 f        -0.32  (VIOLATED)
   chip_core/gpio_control_in_2[5]/shift_register_reg[8]/D
                                5.63           5.31 f        -0.32  (VIOLATED)
   chip_core/gpio_control_in_2[5]/shift_register_reg[9]/D
                                5.63           5.31 f        -0.32  (VIOLATED)
   chip_core/gpio_control_in_2[5]/shift_register_reg[10]/D
                                5.63           5.31 f        -0.32  (VIOLATED)
   chip_core/gpio_control_in_2[5]/shift_register_reg[11]/D
                                5.63           5.31 f        -0.32  (VIOLATED)
   chip_core/gpio_control_in_2[5]/shift_register_reg[12]/D
                                5.63           5.31 f        -0.32  (VIOLATED)
   chip_core/gpio_control_in_1[4]/shift_register_reg[1]/D
                                5.24           4.95 f        -0.29  (VIOLATED)
   chip_core/gpio_control_in_1[4]/shift_register_reg[2]/D
                                5.24           4.95 f        -0.29  (VIOLATED)
   chip_core/gpio_control_in_1[4]/shift_register_reg[3]/D
                                5.24           4.95 f        -0.29  (VIOLATED)
   chip_core/gpio_control_in_1[4]/shift_register_reg[4]/D
                                5.24           4.95 f        -0.29  (VIOLATED)
   chip_core/gpio_control_in_1[4]/shift_register_reg[5]/D
                                5.24           4.95 f        -0.29  (VIOLATED)
   chip_core/gpio_control_in_1[4]/shift_register_reg[6]/D
                                5.24           4.95 f        -0.29  (VIOLATED)
   chip_core/gpio_control_in_1[4]/shift_register_reg[7]/D
                                5.24           4.95 f        -0.29  (VIOLATED)
   chip_core/gpio_control_in_1[4]/shift_register_reg[8]/D
                                5.24           4.95 f        -0.29  (VIOLATED)
   chip_core/gpio_control_in_1[4]/shift_register_reg[9]/D
                                5.24           4.95 f        -0.29  (VIOLATED)
   chip_core/gpio_control_in_1[4]/shift_register_reg[10]/D
                                5.24           4.95 f        -0.29  (VIOLATED)
   chip_core/gpio_control_in_1[4]/shift_register_reg[11]/D
                                5.24           4.95 f        -0.29  (VIOLATED)
   chip_core/gpio_control_in_1[4]/shift_register_reg[12]/D
                                5.24           4.95 f        -0.29  (VIOLATED)
   chip_core/gpio_control_in_2[6]/shift_register_reg[1]/D
                                5.24           4.95 f        -0.29  (VIOLATED)
   chip_core/gpio_control_in_2[6]/shift_register_reg[2]/D
                                5.24           4.95 f        -0.29  (VIOLATED)
   chip_core/gpio_control_in_2[6]/shift_register_reg[3]/D
                                5.24           4.95 f        -0.29  (VIOLATED)
   chip_core/gpio_control_in_2[6]/shift_register_reg[4]/D
                                5.24           4.95 f        -0.29  (VIOLATED)
   chip_core/gpio_control_in_2[6]/shift_register_reg[5]/D
                                5.24           4.95 f        -0.29  (VIOLATED)
   chip_core/gpio_control_in_2[6]/shift_register_reg[6]/D
                                5.24           4.95 f        -0.29  (VIOLATED)
   chip_core/gpio_control_in_2[6]/shift_register_reg[7]/D
                                5.24           4.95 f        -0.29  (VIOLATED)
   chip_core/gpio_control_in_2[6]/shift_register_reg[8]/D
                                5.24           4.95 f        -0.29  (VIOLATED)
   chip_core/gpio_control_in_2[6]/shift_register_reg[9]/D
                                5.24           4.95 f        -0.29  (VIOLATED)
   chip_core/gpio_control_in_2[6]/shift_register_reg[10]/D
                                5.24           4.95 f        -0.29  (VIOLATED)
   chip_core/gpio_control_in_2[6]/shift_register_reg[11]/D
                                5.24           4.95 f        -0.29  (VIOLATED)
   chip_core/gpio_control_in_2[6]/shift_register_reg[12]/D
                                5.24           4.95 f        -0.29  (VIOLATED)
   chip_core/gpio_control_in_1[3]/shift_register_reg[1]/D
                                4.85           4.59 f        -0.26  (VIOLATED)
   chip_core/gpio_control_in_1[3]/shift_register_reg[2]/D
                                4.85           4.59 f        -0.26  (VIOLATED)
   chip_core/gpio_control_in_1[3]/shift_register_reg[3]/D
                                4.85           4.59 f        -0.26  (VIOLATED)
   chip_core/gpio_control_in_1[3]/shift_register_reg[4]/D
                                4.85           4.59 f        -0.26  (VIOLATED)
   chip_core/gpio_control_in_1[3]/shift_register_reg[5]/D
                                4.85           4.59 f        -0.26  (VIOLATED)
   chip_core/gpio_control_in_1[3]/shift_register_reg[6]/D
                                4.85           4.59 f        -0.26  (VIOLATED)
   chip_core/gpio_control_in_1[3]/shift_register_reg[7]/D
                                4.85           4.59 f        -0.26  (VIOLATED)
   chip_core/gpio_control_in_1[3]/shift_register_reg[8]/D
                                4.85           4.59 f        -0.26  (VIOLATED)
   chip_core/gpio_control_in_1[3]/shift_register_reg[9]/D
                                4.85           4.59 f        -0.26  (VIOLATED)
   chip_core/gpio_control_in_1[3]/shift_register_reg[10]/D
                                4.85           4.59 f        -0.26  (VIOLATED)
   chip_core/gpio_control_in_1[3]/shift_register_reg[11]/D
                                4.85           4.59 f        -0.26  (VIOLATED)
   chip_core/gpio_control_in_1[3]/shift_register_reg[12]/D
                                4.85           4.59 f        -0.26  (VIOLATED)
   chip_core/gpio_control_in_2[7]/shift_register_reg[1]/D
                                4.85           4.59 f        -0.26  (VIOLATED)
   chip_core/gpio_control_in_2[7]/shift_register_reg[2]/D
                                4.85           4.59 f        -0.26  (VIOLATED)
   chip_core/gpio_control_in_2[7]/shift_register_reg[3]/D
                                4.85           4.59 f        -0.26  (VIOLATED)
   chip_core/gpio_control_in_2[7]/shift_register_reg[4]/D
                                4.85           4.59 f        -0.26  (VIOLATED)
   chip_core/gpio_control_in_2[7]/shift_register_reg[5]/D
                                4.85           4.59 f        -0.26  (VIOLATED)
   chip_core/gpio_control_in_2[7]/shift_register_reg[6]/D
                                4.85           4.59 f        -0.26  (VIOLATED)
   chip_core/gpio_control_in_2[7]/shift_register_reg[7]/D
                                4.85           4.59 f        -0.26  (VIOLATED)
   chip_core/gpio_control_in_2[7]/shift_register_reg[8]/D
                                4.85           4.59 f        -0.26  (VIOLATED)
   chip_core/gpio_control_in_2[7]/shift_register_reg[9]/D
                                4.85           4.59 f        -0.26  (VIOLATED)
   chip_core/gpio_control_in_2[7]/shift_register_reg[10]/D
                                4.85           4.59 f        -0.26  (VIOLATED)
   chip_core/gpio_control_in_2[7]/shift_register_reg[11]/D
                                4.85           4.59 f        -0.26  (VIOLATED)
   chip_core/gpio_control_in_2[7]/shift_register_reg[12]/D
                                4.85           4.59 f        -0.26  (VIOLATED)
   chip_core/gpio_control_in_1[2]/shift_register_reg[1]/D
                                4.46           4.23 f        -0.23  (VIOLATED)
   chip_core/gpio_control_in_1[2]/shift_register_reg[2]/D
                                4.46           4.23 f        -0.23  (VIOLATED)
   chip_core/gpio_control_in_1[2]/shift_register_reg[3]/D
                                4.46           4.23 f        -0.23  (VIOLATED)
   chip_core/gpio_control_in_1[2]/shift_register_reg[4]/D
                                4.46           4.23 f        -0.23  (VIOLATED)
   chip_core/gpio_control_in_1[2]/shift_register_reg[5]/D
                                4.46           4.23 f        -0.23  (VIOLATED)
   chip_core/gpio_control_in_1[2]/shift_register_reg[6]/D
                                4.46           4.23 f        -0.23  (VIOLATED)
   chip_core/gpio_control_in_1[2]/shift_register_reg[7]/D
                                4.46           4.23 f        -0.23  (VIOLATED)
   chip_core/gpio_control_in_1[2]/shift_register_reg[8]/D
                                4.46           4.23 f        -0.23  (VIOLATED)
   chip_core/gpio_control_in_1[2]/shift_register_reg[9]/D
                                4.46           4.23 f        -0.23  (VIOLATED)
   chip_core/gpio_control_in_1[2]/shift_register_reg[10]/D
                                4.46           4.23 f        -0.23  (VIOLATED)
   chip_core/gpio_control_in_1[2]/shift_register_reg[11]/D
                                4.46           4.23 f        -0.23  (VIOLATED)
   chip_core/gpio_control_in_1[2]/shift_register_reg[12]/D
                                4.46           4.23 f        -0.23  (VIOLATED)
   chip_core/gpio_control_in_2[8]/shift_register_reg[1]/D
                                4.46           4.23 f        -0.23  (VIOLATED)
   chip_core/gpio_control_in_2[8]/shift_register_reg[2]/D
                                4.46           4.23 f        -0.23  (VIOLATED)
   chip_core/gpio_control_in_2[8]/shift_register_reg[3]/D
                                4.46           4.23 f        -0.23  (VIOLATED)
   chip_core/gpio_control_in_2[8]/shift_register_reg[4]/D
                                4.46           4.23 f        -0.23  (VIOLATED)
   chip_core/gpio_control_in_2[8]/shift_register_reg[5]/D
                                4.46           4.23 f        -0.23  (VIOLATED)
   chip_core/gpio_control_in_2[8]/shift_register_reg[6]/D
                                4.46           4.23 f        -0.23  (VIOLATED)
   chip_core/gpio_control_in_2[8]/shift_register_reg[7]/D
                                4.46           4.23 f        -0.23  (VIOLATED)
   chip_core/gpio_control_in_2[8]/shift_register_reg[8]/D
                                4.46           4.23 f        -0.23  (VIOLATED)
   chip_core/gpio_control_in_2[8]/shift_register_reg[9]/D
                                4.46           4.23 f        -0.23  (VIOLATED)
   chip_core/gpio_control_in_2[8]/shift_register_reg[10]/D
                                4.46           4.23 f        -0.23  (VIOLATED)
   chip_core/gpio_control_in_2[8]/shift_register_reg[11]/D
                                4.46           4.23 f        -0.23  (VIOLATED)
   chip_core/gpio_control_in_2[8]/shift_register_reg[12]/D
                                4.46           4.23 f        -0.23  (VIOLATED)
   chip_core/gpio_control_in_1[1]/shift_register_reg[1]/D
                                4.07           3.87 f        -0.20  (VIOLATED)
   chip_core/gpio_control_in_1[1]/shift_register_reg[2]/D
                                4.07           3.87 f        -0.20  (VIOLATED)
   chip_core/gpio_control_in_1[1]/shift_register_reg[3]/D
                                4.07           3.87 f        -0.20  (VIOLATED)
   chip_core/gpio_control_in_1[1]/shift_register_reg[4]/D
                                4.07           3.87 f        -0.20  (VIOLATED)
   chip_core/gpio_control_in_1[1]/shift_register_reg[5]/D
                                4.07           3.87 f        -0.20  (VIOLATED)
   chip_core/gpio_control_in_1[1]/shift_register_reg[6]/D
                                4.07           3.87 f        -0.20  (VIOLATED)
   chip_core/gpio_control_in_1[1]/shift_register_reg[7]/D
                                4.07           3.87 f        -0.20  (VIOLATED)
   chip_core/gpio_control_in_1[1]/shift_register_reg[8]/D
                                4.07           3.87 f        -0.20  (VIOLATED)
   chip_core/gpio_control_in_1[1]/shift_register_reg[9]/D
                                4.07           3.87 f        -0.20  (VIOLATED)
   chip_core/gpio_control_in_1[1]/shift_register_reg[10]/D
                                4.07           3.87 f        -0.20  (VIOLATED)
   chip_core/gpio_control_in_1[1]/shift_register_reg[11]/D
                                4.07           3.87 f        -0.20  (VIOLATED)
   chip_core/gpio_control_in_1[1]/shift_register_reg[12]/D
                                4.07           3.87 f        -0.20  (VIOLATED)
   chip_core/gpio_control_in_2[9]/shift_register_reg[1]/D
                                4.07           3.87 f        -0.20  (VIOLATED)
   chip_core/gpio_control_in_2[9]/shift_register_reg[2]/D
                                4.07           3.87 f        -0.20  (VIOLATED)
   chip_core/gpio_control_in_2[9]/shift_register_reg[3]/D
                                4.07           3.87 f        -0.20  (VIOLATED)
   chip_core/gpio_control_in_2[9]/shift_register_reg[4]/D
                                4.07           3.87 f        -0.20  (VIOLATED)
   chip_core/gpio_control_in_2[9]/shift_register_reg[5]/D
                                4.07           3.87 f        -0.20  (VIOLATED)
   chip_core/gpio_control_in_2[9]/shift_register_reg[6]/D
                                4.07           3.87 f        -0.20  (VIOLATED)
   chip_core/gpio_control_in_2[9]/shift_register_reg[7]/D
                                4.07           3.87 f        -0.20  (VIOLATED)
   chip_core/gpio_control_in_2[9]/shift_register_reg[8]/D
                                4.07           3.87 f        -0.20  (VIOLATED)
   chip_core/gpio_control_in_2[9]/shift_register_reg[9]/D
                                4.07           3.87 f        -0.20  (VIOLATED)
   chip_core/gpio_control_in_2[9]/shift_register_reg[10]/D
                                4.07           3.87 f        -0.20  (VIOLATED)
   chip_core/gpio_control_in_2[9]/shift_register_reg[11]/D
                                4.07           3.87 f        -0.20  (VIOLATED)
   chip_core/gpio_control_in_2[9]/shift_register_reg[12]/D
                                4.07           3.87 f        -0.20  (VIOLATED)
   chip_core/gpio_control_in_1[0]/shift_register_reg[1]/D
                                3.68           3.50 f        -0.18  (VIOLATED)
   chip_core/gpio_control_in_1[0]/shift_register_reg[2]/D
                                3.68           3.50 f        -0.18  (VIOLATED)
   chip_core/gpio_control_in_1[0]/shift_register_reg[3]/D
                                3.68           3.50 f        -0.18  (VIOLATED)
   chip_core/gpio_control_in_1[0]/shift_register_reg[4]/D
                                3.68           3.50 f        -0.18  (VIOLATED)
   chip_core/gpio_control_in_1[0]/shift_register_reg[5]/D
                                3.68           3.50 f        -0.18  (VIOLATED)
   chip_core/gpio_control_in_1[0]/shift_register_reg[6]/D
                                3.68           3.50 f        -0.18  (VIOLATED)
   chip_core/gpio_control_in_1[0]/shift_register_reg[7]/D
                                3.68           3.50 f        -0.18  (VIOLATED)
   chip_core/gpio_control_in_1[0]/shift_register_reg[8]/D
                                3.68           3.50 f        -0.18  (VIOLATED)
   chip_core/gpio_control_in_1[0]/shift_register_reg[9]/D
                                3.68           3.50 f        -0.18  (VIOLATED)
   chip_core/gpio_control_in_1[0]/shift_register_reg[10]/D
                                3.68           3.50 f        -0.18  (VIOLATED)
   chip_core/gpio_control_in_1[0]/shift_register_reg[11]/D
                                3.68           3.50 f        -0.18  (VIOLATED)
   chip_core/gpio_control_in_1[0]/shift_register_reg[12]/D
                                3.68           3.50 f        -0.18  (VIOLATED)
   chip_core/gpio_control_in_2[10]/shift_register_reg[1]/D
                                3.68           3.50 f        -0.18  (VIOLATED)
   chip_core/gpio_control_in_2[10]/shift_register_reg[2]/D
                                3.68           3.50 f        -0.18  (VIOLATED)
   chip_core/gpio_control_in_2[10]/shift_register_reg[3]/D
                                3.68           3.50 f        -0.18  (VIOLATED)
   chip_core/gpio_control_in_2[10]/shift_register_reg[4]/D
                                3.68           3.50 f        -0.18  (VIOLATED)
   chip_core/gpio_control_in_2[10]/shift_register_reg[5]/D
                                3.68           3.50 f        -0.18  (VIOLATED)
   chip_core/gpio_control_in_2[10]/shift_register_reg[6]/D
                                3.68           3.50 f        -0.18  (VIOLATED)
   chip_core/gpio_control_in_2[10]/shift_register_reg[7]/D
                                3.68           3.50 f        -0.18  (VIOLATED)
   chip_core/gpio_control_in_2[10]/shift_register_reg[8]/D
                                3.68           3.50 f        -0.18  (VIOLATED)
   chip_core/gpio_control_in_2[10]/shift_register_reg[9]/D
                                3.68           3.50 f        -0.18  (VIOLATED)
   chip_core/gpio_control_in_2[10]/shift_register_reg[10]/D
                                3.68           3.50 f        -0.18  (VIOLATED)
   chip_core/gpio_control_in_2[10]/shift_register_reg[11]/D
                                3.68           3.50 f        -0.18  (VIOLATED)
   chip_core/gpio_control_in_2[10]/shift_register_reg[12]/D
                                3.68           3.50 f        -0.18  (VIOLATED)
   chip_core/gpio_control_in_1a[5]/shift_register_reg[1]/D
                                3.29           3.14 f        -0.15  (VIOLATED)
   chip_core/gpio_control_in_1a[5]/shift_register_reg[2]/D
                                3.29           3.14 f        -0.15  (VIOLATED)
   chip_core/gpio_control_in_1a[5]/shift_register_reg[3]/D
                                3.29           3.14 f        -0.15  (VIOLATED)
   chip_core/gpio_control_in_1a[5]/shift_register_reg[4]/D
                                3.29           3.14 f        -0.15  (VIOLATED)
   chip_core/gpio_control_in_1a[5]/shift_register_reg[5]/D
                                3.29           3.14 f        -0.15  (VIOLATED)
   chip_core/gpio_control_in_1a[5]/shift_register_reg[6]/D
                                3.29           3.14 f        -0.15  (VIOLATED)
   chip_core/gpio_control_in_1a[5]/shift_register_reg[7]/D
                                3.29           3.14 f        -0.15  (VIOLATED)
   chip_core/gpio_control_in_1a[5]/shift_register_reg[8]/D
                                3.29           3.14 f        -0.15  (VIOLATED)
   chip_core/gpio_control_in_1a[5]/shift_register_reg[9]/D
                                3.29           3.14 f        -0.15  (VIOLATED)
   chip_core/gpio_control_in_1a[5]/shift_register_reg[10]/D
                                3.29           3.14 f        -0.15  (VIOLATED)
   chip_core/gpio_control_in_1a[5]/shift_register_reg[11]/D
                                3.29           3.14 f        -0.15  (VIOLATED)
   chip_core/gpio_control_in_1a[5]/shift_register_reg[12]/D
                                3.29           3.14 f        -0.15  (VIOLATED)
   chip_core/gpio_control_in_2[11]/shift_register_reg[1]/D
                                3.29           3.14 f        -0.15  (VIOLATED)
   chip_core/gpio_control_in_2[11]/shift_register_reg[2]/D
                                3.29           3.14 f        -0.15  (VIOLATED)
   chip_core/gpio_control_in_2[11]/shift_register_reg[3]/D
                                3.29           3.14 f        -0.15  (VIOLATED)
   chip_core/gpio_control_in_2[11]/shift_register_reg[4]/D
                                3.29           3.14 f        -0.15  (VIOLATED)
   chip_core/gpio_control_in_2[11]/shift_register_reg[5]/D
                                3.29           3.14 f        -0.15  (VIOLATED)
   chip_core/gpio_control_in_2[11]/shift_register_reg[6]/D
                                3.29           3.14 f        -0.15  (VIOLATED)
   chip_core/gpio_control_in_2[11]/shift_register_reg[7]/D
                                3.29           3.14 f        -0.15  (VIOLATED)
   chip_core/gpio_control_in_2[11]/shift_register_reg[8]/D
                                3.29           3.14 f        -0.15  (VIOLATED)
   chip_core/gpio_control_in_2[11]/shift_register_reg[9]/D
                                3.29           3.14 f        -0.15  (VIOLATED)
   chip_core/gpio_control_in_2[11]/shift_register_reg[10]/D
                                3.29           3.14 f        -0.15  (VIOLATED)
   chip_core/gpio_control_in_2[11]/shift_register_reg[11]/D
                                3.29           3.14 f        -0.15  (VIOLATED)
   chip_core/gpio_control_in_2[11]/shift_register_reg[12]/D
                                3.29           3.14 f        -0.15  (VIOLATED)
   chip_core/gpio_control_in_1a[4]/shift_register_reg[1]/D
                                2.90           2.78 f        -0.12  (VIOLATED)
   chip_core/gpio_control_in_1a[4]/shift_register_reg[2]/D
                                2.90           2.78 f        -0.12  (VIOLATED)
   chip_core/gpio_control_in_1a[4]/shift_register_reg[3]/D
                                2.90           2.78 f        -0.12  (VIOLATED)
   chip_core/gpio_control_in_1a[4]/shift_register_reg[4]/D
                                2.90           2.78 f        -0.12  (VIOLATED)
   chip_core/gpio_control_in_1a[4]/shift_register_reg[5]/D
                                2.90           2.78 f        -0.12  (VIOLATED)
   chip_core/gpio_control_in_1a[4]/shift_register_reg[6]/D
                                2.90           2.78 f        -0.12  (VIOLATED)
   chip_core/gpio_control_in_1a[4]/shift_register_reg[7]/D
                                2.90           2.78 f        -0.12  (VIOLATED)
   chip_core/gpio_control_in_1a[4]/shift_register_reg[8]/D
                                2.90           2.78 f        -0.12  (VIOLATED)
   chip_core/gpio_control_in_1a[4]/shift_register_reg[9]/D
                                2.90           2.78 f        -0.12  (VIOLATED)
   chip_core/gpio_control_in_1a[4]/shift_register_reg[10]/D
                                2.90           2.78 f        -0.12  (VIOLATED)
   chip_core/gpio_control_in_1a[4]/shift_register_reg[11]/D
                                2.90           2.78 f        -0.12  (VIOLATED)
   chip_core/gpio_control_in_1a[4]/shift_register_reg[12]/D
                                2.90           2.78 f        -0.12  (VIOLATED)
   chip_core/gpio_control_in_2[12]/shift_register_reg[1]/D
                                2.90           2.78 f        -0.12  (VIOLATED)
   chip_core/gpio_control_in_2[12]/shift_register_reg[2]/D
                                2.90           2.78 f        -0.12  (VIOLATED)
   chip_core/gpio_control_in_2[12]/shift_register_reg[3]/D
                                2.90           2.78 f        -0.12  (VIOLATED)
   chip_core/gpio_control_in_2[12]/shift_register_reg[4]/D
                                2.90           2.78 f        -0.12  (VIOLATED)
   chip_core/gpio_control_in_2[12]/shift_register_reg[5]/D
                                2.90           2.78 f        -0.12  (VIOLATED)
   chip_core/gpio_control_in_2[12]/shift_register_reg[6]/D
                                2.90           2.78 f        -0.12  (VIOLATED)
   chip_core/gpio_control_in_2[12]/shift_register_reg[7]/D
                                2.90           2.78 f        -0.12  (VIOLATED)
   chip_core/gpio_control_in_2[12]/shift_register_reg[8]/D
                                2.90           2.78 f        -0.12  (VIOLATED)
   chip_core/gpio_control_in_2[12]/shift_register_reg[9]/D
                                2.90           2.78 f        -0.12  (VIOLATED)
   chip_core/gpio_control_in_2[12]/shift_register_reg[10]/D
                                2.90           2.78 f        -0.12  (VIOLATED)
   chip_core/gpio_control_in_2[12]/shift_register_reg[11]/D
                                2.90           2.78 f        -0.12  (VIOLATED)
   chip_core/gpio_control_in_2[12]/shift_register_reg[12]/D
                                2.90           2.78 f        -0.12  (VIOLATED)
   chip_core/gpio_control_in_1a[3]/shift_register_reg[1]/D
                                2.51           2.42 f        -0.09  (VIOLATED)
   chip_core/gpio_control_in_1a[3]/shift_register_reg[2]/D
                                2.51           2.42 f        -0.09  (VIOLATED)
   chip_core/gpio_control_in_1a[3]/shift_register_reg[3]/D
                                2.51           2.42 f        -0.09  (VIOLATED)
   chip_core/gpio_control_in_1a[3]/shift_register_reg[4]/D
                                2.51           2.42 f        -0.09  (VIOLATED)
   chip_core/gpio_control_in_1a[3]/shift_register_reg[5]/D
                                2.51           2.42 f        -0.09  (VIOLATED)
   chip_core/gpio_control_in_1a[3]/shift_register_reg[6]/D
                                2.51           2.42 f        -0.09  (VIOLATED)
   chip_core/gpio_control_in_1a[3]/shift_register_reg[7]/D
                                2.51           2.42 f        -0.09  (VIOLATED)
   chip_core/gpio_control_in_1a[3]/shift_register_reg[8]/D
                                2.51           2.42 f        -0.09  (VIOLATED)
   chip_core/gpio_control_in_1a[3]/shift_register_reg[9]/D
                                2.51           2.42 f        -0.09  (VIOLATED)
   chip_core/gpio_control_in_1a[3]/shift_register_reg[10]/D
                                2.51           2.42 f        -0.09  (VIOLATED)
   chip_core/gpio_control_in_1a[3]/shift_register_reg[11]/D
                                2.51           2.42 f        -0.09  (VIOLATED)
   chip_core/gpio_control_in_1a[3]/shift_register_reg[12]/D
                                2.51           2.42 f        -0.09  (VIOLATED)
   chip_core/gpio_control_in_2[13]/shift_register_reg[1]/D
                                2.51           2.42 f        -0.09  (VIOLATED)
   chip_core/gpio_control_in_2[13]/shift_register_reg[2]/D
                                2.51           2.42 f        -0.09  (VIOLATED)
   chip_core/gpio_control_in_2[13]/shift_register_reg[3]/D
                                2.51           2.42 f        -0.09  (VIOLATED)
   chip_core/gpio_control_in_2[13]/shift_register_reg[4]/D
                                2.51           2.42 f        -0.09  (VIOLATED)
   chip_core/gpio_control_in_2[13]/shift_register_reg[5]/D
                                2.51           2.42 f        -0.09  (VIOLATED)
   chip_core/gpio_control_in_2[13]/shift_register_reg[6]/D
                                2.51           2.42 f        -0.09  (VIOLATED)
   chip_core/gpio_control_in_2[13]/shift_register_reg[7]/D
                                2.51           2.42 f        -0.09  (VIOLATED)
   chip_core/gpio_control_in_2[13]/shift_register_reg[8]/D
                                2.51           2.42 f        -0.09  (VIOLATED)
   chip_core/gpio_control_in_2[13]/shift_register_reg[9]/D
                                2.51           2.42 f        -0.09  (VIOLATED)
   chip_core/gpio_control_in_2[13]/shift_register_reg[10]/D
                                2.51           2.42 f        -0.09  (VIOLATED)
   chip_core/gpio_control_in_2[13]/shift_register_reg[11]/D
                                2.51           2.42 f        -0.09  (VIOLATED)
   chip_core/gpio_control_in_2[13]/shift_register_reg[12]/D
                                2.51           2.42 f        -0.09  (VIOLATED)
   chip_core/gpio_control_in_1a[2]/shift_register_reg[1]/D
                                2.12           2.06 f        -0.06  (VIOLATED)
   chip_core/gpio_control_in_1a[2]/shift_register_reg[2]/D
                                2.12           2.06 f        -0.06  (VIOLATED)
   chip_core/gpio_control_in_1a[2]/shift_register_reg[3]/D
                                2.12           2.06 f        -0.06  (VIOLATED)
   chip_core/gpio_control_in_1a[2]/shift_register_reg[4]/D
                                2.12           2.06 f        -0.06  (VIOLATED)
   chip_core/gpio_control_in_1a[2]/shift_register_reg[5]/D
                                2.12           2.06 f        -0.06  (VIOLATED)
   chip_core/gpio_control_in_1a[2]/shift_register_reg[6]/D
                                2.12           2.06 f        -0.06  (VIOLATED)
   chip_core/gpio_control_in_1a[2]/shift_register_reg[7]/D
                                2.12           2.06 f        -0.06  (VIOLATED)
   chip_core/gpio_control_in_1a[2]/shift_register_reg[8]/D
                                2.12           2.06 f        -0.06  (VIOLATED)
   chip_core/gpio_control_in_1a[2]/shift_register_reg[9]/D
                                2.12           2.06 f        -0.06  (VIOLATED)
   chip_core/gpio_control_in_1a[2]/shift_register_reg[10]/D
                                2.12           2.06 f        -0.06  (VIOLATED)
   chip_core/gpio_control_in_1a[2]/shift_register_reg[11]/D
                                2.12           2.06 f        -0.06  (VIOLATED)
   chip_core/gpio_control_in_1a[2]/shift_register_reg[12]/D
                                2.12           2.06 f        -0.06  (VIOLATED)
   chip_core/gpio_control_in_2[14]/shift_register_reg[1]/D
                                2.12           2.06 f        -0.06  (VIOLATED)
   chip_core/gpio_control_in_2[14]/shift_register_reg[2]/D
                                2.12           2.06 f        -0.06  (VIOLATED)
   chip_core/gpio_control_in_2[14]/shift_register_reg[3]/D
                                2.12           2.06 f        -0.06  (VIOLATED)
   chip_core/gpio_control_in_2[14]/shift_register_reg[4]/D
                                2.12           2.06 f        -0.06  (VIOLATED)
   chip_core/gpio_control_in_2[14]/shift_register_reg[5]/D
                                2.12           2.06 f        -0.06  (VIOLATED)
   chip_core/gpio_control_in_2[14]/shift_register_reg[6]/D
                                2.12           2.06 f        -0.06  (VIOLATED)
   chip_core/gpio_control_in_2[14]/shift_register_reg[7]/D
                                2.12           2.06 f        -0.06  (VIOLATED)
   chip_core/gpio_control_in_2[14]/shift_register_reg[8]/D
                                2.12           2.06 f        -0.06  (VIOLATED)
   chip_core/gpio_control_in_2[14]/shift_register_reg[9]/D
                                2.12           2.06 f        -0.06  (VIOLATED)
   chip_core/gpio_control_in_2[14]/shift_register_reg[10]/D
                                2.12           2.06 f        -0.06  (VIOLATED)
   chip_core/gpio_control_in_2[14]/shift_register_reg[11]/D
                                2.12           2.06 f        -0.06  (VIOLATED)
   chip_core/gpio_control_in_2[14]/shift_register_reg[12]/D
                                2.12           2.06 f        -0.06  (VIOLATED)
   chip_core/gpio_control_in_1a[1]/shift_register_reg[1]/D
                                1.73           1.70 f        -0.04  (VIOLATED)
   chip_core/gpio_control_in_1a[1]/shift_register_reg[2]/D
                                1.73           1.70 f        -0.04  (VIOLATED)
   chip_core/gpio_control_in_1a[1]/shift_register_reg[3]/D
                                1.73           1.70 f        -0.04  (VIOLATED)
   chip_core/gpio_control_in_1a[1]/shift_register_reg[4]/D
                                1.73           1.70 f        -0.04  (VIOLATED)
   chip_core/gpio_control_in_1a[1]/shift_register_reg[5]/D
                                1.73           1.70 f        -0.04  (VIOLATED)
   chip_core/gpio_control_in_1a[1]/shift_register_reg[6]/D
                                1.73           1.70 f        -0.04  (VIOLATED)
   chip_core/gpio_control_in_1a[1]/shift_register_reg[7]/D
                                1.73           1.70 f        -0.04  (VIOLATED)
   chip_core/gpio_control_in_1a[1]/shift_register_reg[8]/D
                                1.73           1.70 f        -0.04  (VIOLATED)
   chip_core/gpio_control_in_1a[1]/shift_register_reg[9]/D
                                1.73           1.70 f        -0.04  (VIOLATED)
   chip_core/gpio_control_in_1a[1]/shift_register_reg[10]/D
                                1.73           1.70 f        -0.04  (VIOLATED)
   chip_core/gpio_control_in_1a[1]/shift_register_reg[11]/D
                                1.73           1.70 f        -0.04  (VIOLATED)
   chip_core/gpio_control_in_1a[1]/shift_register_reg[12]/D
                                1.73           1.70 f        -0.04  (VIOLATED)
   chip_core/gpio_control_in_2[15]/shift_register_reg[1]/D
                                1.73           1.70 f        -0.04  (VIOLATED)
   chip_core/gpio_control_in_2[15]/shift_register_reg[2]/D
                                1.73           1.70 f        -0.04  (VIOLATED)
   chip_core/gpio_control_in_2[15]/shift_register_reg[3]/D
                                1.73           1.70 f        -0.04  (VIOLATED)
   chip_core/gpio_control_in_2[15]/shift_register_reg[4]/D
                                1.73           1.70 f        -0.04  (VIOLATED)
   chip_core/gpio_control_in_2[15]/shift_register_reg[5]/D
                                1.73           1.70 f        -0.04  (VIOLATED)
   chip_core/gpio_control_in_2[15]/shift_register_reg[6]/D
                                1.73           1.70 f        -0.04  (VIOLATED)
   chip_core/gpio_control_in_2[15]/shift_register_reg[7]/D
                                1.73           1.70 f        -0.04  (VIOLATED)
   chip_core/gpio_control_in_2[15]/shift_register_reg[8]/D
                                1.73           1.70 f        -0.04  (VIOLATED)
   chip_core/gpio_control_in_2[15]/shift_register_reg[9]/D
                                1.73           1.70 f        -0.04  (VIOLATED)
   chip_core/gpio_control_in_2[15]/shift_register_reg[10]/D
                                1.73           1.70 f        -0.04  (VIOLATED)
   chip_core/gpio_control_in_2[15]/shift_register_reg[11]/D
                                1.73           1.70 f        -0.04  (VIOLATED)
   chip_core/gpio_control_in_2[15]/shift_register_reg[12]/D
                                1.73           1.70 f        -0.04  (VIOLATED)
   chip_core/gpio_control_bidir_2[0]/shift_register_reg[1]/D
                                1.34           1.33 f        -0.01  (VIOLATED)
   chip_core/gpio_control_bidir_2[0]/shift_register_reg[2]/D
                                1.34           1.33 f        -0.01  (VIOLATED)
   chip_core/gpio_control_bidir_2[0]/shift_register_reg[3]/D
                                1.34           1.33 f        -0.01  (VIOLATED)
   chip_core/gpio_control_bidir_2[0]/shift_register_reg[4]/D
                                1.34           1.33 f        -0.01  (VIOLATED)
   chip_core/gpio_control_bidir_2[0]/shift_register_reg[5]/D
                                1.34           1.33 f        -0.01  (VIOLATED)
   chip_core/gpio_control_bidir_2[0]/shift_register_reg[6]/D
                                1.34           1.33 f        -0.01  (VIOLATED)
   chip_core/gpio_control_bidir_2[0]/shift_register_reg[7]/D
                                1.34           1.33 f        -0.01  (VIOLATED)
   chip_core/gpio_control_bidir_2[0]/shift_register_reg[8]/D
                                1.34           1.33 f        -0.01  (VIOLATED)
   chip_core/gpio_control_bidir_2[0]/shift_register_reg[9]/D
                                1.34           1.33 f        -0.01  (VIOLATED)
   chip_core/gpio_control_bidir_2[0]/shift_register_reg[10]/D
                                1.34           1.33 f        -0.01  (VIOLATED)
   chip_core/gpio_control_bidir_2[0]/shift_register_reg[11]/D
                                1.34           1.33 f        -0.01  (VIOLATED)
   chip_core/gpio_control_bidir_2[0]/shift_register_reg[12]/D
                                1.34           1.33 f        -0.01  (VIOLATED)
   chip_core/gpio_control_in_1a[0]/shift_register_reg[1]/D
                                1.34           1.33 f        -0.01  (VIOLATED)
   chip_core/gpio_control_in_1a[0]/shift_register_reg[2]/D
                                1.34           1.33 f        -0.01  (VIOLATED)
   chip_core/gpio_control_in_1a[0]/shift_register_reg[3]/D
                                1.34           1.33 f        -0.01  (VIOLATED)
   chip_core/gpio_control_in_1a[0]/shift_register_reg[4]/D
                                1.34           1.33 f        -0.01  (VIOLATED)
   chip_core/gpio_control_in_1a[0]/shift_register_reg[5]/D
                                1.34           1.33 f        -0.01  (VIOLATED)
   chip_core/gpio_control_in_1a[0]/shift_register_reg[6]/D
                                1.34           1.33 f        -0.01  (VIOLATED)
   chip_core/gpio_control_in_1a[0]/shift_register_reg[7]/D
                                1.34           1.33 f        -0.01  (VIOLATED)
   chip_core/gpio_control_in_1a[0]/shift_register_reg[8]/D
                                1.34           1.33 f        -0.01  (VIOLATED)
   chip_core/gpio_control_in_1a[0]/shift_register_reg[9]/D
                                1.34           1.33 f        -0.01  (VIOLATED)
   chip_core/gpio_control_in_1a[0]/shift_register_reg[10]/D
                                1.34           1.33 f        -0.01  (VIOLATED)
   chip_core/gpio_control_in_1a[0]/shift_register_reg[11]/D
                                1.34           1.33 f        -0.01  (VIOLATED)
   chip_core/gpio_control_in_1a[0]/shift_register_reg[12]/D
                                1.34           1.33 f        -0.01  (VIOLATED)


   max_fanout

                             Required        Actual
   Net                        Fanout         Fanout          Slack
   -----------------------------------------------------------------
   n2                          18.00         257.00        -239.00  (VIOLATED)

   -----------------------------------------------------------------
   Total                      1                -239.00  

1
